<?xml version="1.0" encoding="UTF-8"?>
<testng-results skipped="0" failed="3" ignored="0" total="9" passed="6">
  <reporter-output>
  </reporter-output>
  <suite name="example suite 1" duration-ms="106107" started-at="2022-02-13T12:21:38 IST" finished-at="2022-02-13T12:23:24 IST">
    <groups>
    </groups>
    <test name="Regression suite 1" duration-ms="106107" started-at="2022-02-13T12:21:38 IST" finished-at="2022-02-13T12:23:24 IST">
      <class name="Projects.CreateProjects">
        <test-method status="PASS" signature="LaunchArtemisURL()[pri:0, instance:Projects.CreateProjects@2a5ca609]" name="LaunchArtemisURL" is-config="true" duration-ms="4449" started-at="2022-02-13T12:22:13 IST" finished-at="2022-02-13T12:22:18 IST">
          <reporter-output>
          </reporter-output>
        </test-method> <!-- LaunchArtemisURL -->
        <test-method status="FAIL" signature="NewCreateProject()[pri:1, instance:Projects.CreateProjects@2a5ca609]" name="NewCreateProject" duration-ms="30999" started-at="2022-02-13T12:22:18 IST" finished-at="2022-02-13T12:22:49 IST">
          <exception class="org.openqa.selenium.NoSuchElementException">
            <message>
              <![CDATA[no such element: Unable to locate element: {"method":"css selector","selector":"#input\-216"}
  (Session info: chrome=98.0.4758.82)
For documentation on this error, please visit: https://www.seleniumhq.org/exceptions/no_such_element.html
Build info: version: '3.141.59', revision: 'e82be7d358', time: '2018-11-14T08:17:03'
System info: host: 'LAPTOP-TKGHDD60', ip: '192.168.1.4', os.name: 'Windows 10', os.arch: 'amd64', os.version: '10.0', java.version: '1.8.0_301'
Driver info: org.openqa.selenium.chrome.ChromeDriver
Capabilities {acceptInsecureCerts: false, browserName: chrome, browserVersion: 98.0.4758.82, chrome: {chromedriverVersion: 98.0.4758.80 (7f0488e8ba0d8..., userDataDir: C:\Users\vamse\AppData\Loca...}, goog:chromeOptions: {debuggerAddress: localhost:61422}, javascriptEnabled: true, networkConnectionEnabled: false, pageLoadStrategy: normal, platform: WINDOWS, platformName: WINDOWS, proxy: Proxy(), setWindowRect: true, strictFileInteractability: false, timeouts: {implicit: 0, pageLoad: 300000, script: 30000}, unhandledPromptBehavior: dismiss and notify, webauthn:extension:credBlob: true, webauthn:extension:largeBlob: true, webauthn:virtualAuthenticators: true}
Session ID: 612bc637740572d508c07faefc63f411
*** Element info: {Using=id, value=input-216}]]>
            </message>
            <full-stacktrace>
              <![CDATA[org.openqa.selenium.NoSuchElementException: no such element: Unable to locate element: {"method":"css selector","selector":"#input\-216"}
  (Session info: chrome=98.0.4758.82)
For documentation on this error, please visit: https://www.seleniumhq.org/exceptions/no_such_element.html
Build info: version: '3.141.59', revision: 'e82be7d358', time: '2018-11-14T08:17:03'
System info: host: 'LAPTOP-TKGHDD60', ip: '192.168.1.4', os.name: 'Windows 10', os.arch: 'amd64', os.version: '10.0', java.version: '1.8.0_301'
Driver info: org.openqa.selenium.chrome.ChromeDriver
Capabilities {acceptInsecureCerts: false, browserName: chrome, browserVersion: 98.0.4758.82, chrome: {chromedriverVersion: 98.0.4758.80 (7f0488e8ba0d8..., userDataDir: C:\Users\vamse\AppData\Loca...}, goog:chromeOptions: {debuggerAddress: localhost:61422}, javascriptEnabled: true, networkConnectionEnabled: false, pageLoadStrategy: normal, platform: WINDOWS, platformName: WINDOWS, proxy: Proxy(), setWindowRect: true, strictFileInteractability: false, timeouts: {implicit: 0, pageLoad: 300000, script: 30000}, unhandledPromptBehavior: dismiss and notify, webauthn:extension:credBlob: true, webauthn:extension:largeBlob: true, webauthn:virtualAuthenticators: true}
Session ID: 612bc637740572d508c07faefc63f411
*** Element info: {Using=id, value=input-216}
at sun.reflect.NativeConstructorAccessorImpl.newInstance0(Native Method)
at sun.reflect.NativeConstructorAccessorImpl.newInstance(NativeConstructorAccessorImpl.java:62)
at sun.reflect.DelegatingConstructorAccessorImpl.newInstance(DelegatingConstructorAccessorImpl.java:45)
at java.lang.reflect.Constructor.newInstance(Constructor.java:423)
at org.openqa.selenium.remote.http.W3CHttpResponseCodec.createException(W3CHttpResponseCodec.java:187)
at org.openqa.selenium.remote.http.W3CHttpResponseCodec.decode(W3CHttpResponseCodec.java:122)
at org.openqa.selenium.remote.http.W3CHttpResponseCodec.decode(W3CHttpResponseCodec.java:49)
at org.openqa.selenium.remote.HttpCommandExecutor.execute(HttpCommandExecutor.java:158)
at org.openqa.selenium.remote.service.DriverCommandExecutor.execute(DriverCommandExecutor.java:83)
at org.openqa.selenium.remote.RemoteWebDriver.execute(RemoteWebDriver.java:552)
at org.openqa.selenium.remote.RemoteWebDriver.findElement(RemoteWebDriver.java:323)
at org.openqa.selenium.remote.RemoteWebDriver.findElementById(RemoteWebDriver.java:372)
at org.openqa.selenium.By$ById.findElement(By.java:188)
at org.openqa.selenium.remote.RemoteWebDriver.findElement(RemoteWebDriver.java:315)
at Projects.CreateProjects.NewCreateProject(CreateProjects.java:34)
at sun.reflect.NativeMethodAccessorImpl.invoke0(Native Method)
at sun.reflect.NativeMethodAccessorImpl.invoke(NativeMethodAccessorImpl.java:62)
at sun.reflect.DelegatingMethodAccessorImpl.invoke(DelegatingMethodAccessorImpl.java:43)
at java.lang.reflect.Method.invoke(Method.java:498)
at org.testng.internal.MethodInvocationHelper.invokeMethod(MethodInvocationHelper.java:134)
at org.testng.internal.TestInvoker.invokeMethod(TestInvoker.java:597)
at org.testng.internal.TestInvoker.invokeTestMethod(TestInvoker.java:173)
at org.testng.internal.MethodRunner.runInSequence(MethodRunner.java:46)
at org.testng.internal.TestInvoker$MethodInvocationAgent.invoke(TestInvoker.java:816)
at org.testng.internal.TestInvoker.invokeTestMethods(TestInvoker.java:146)
at org.testng.internal.TestMethodWorker.invokeTestMethods(TestMethodWorker.java:146)
at org.testng.internal.TestMethodWorker.run(TestMethodWorker.java:128)
at java.util.ArrayList.forEach(ArrayList.java:1259)
at org.testng.TestRunner.privateRun(TestRunner.java:766)
at org.testng.TestRunner.run(TestRunner.java:587)
at org.testng.SuiteRunner.runTest(SuiteRunner.java:384)
at org.testng.SuiteRunner.runSequentially(SuiteRunner.java:378)
at org.testng.SuiteRunner.privateRun(SuiteRunner.java:337)
at org.testng.SuiteRunner.run(SuiteRunner.java:286)
at org.testng.SuiteRunnerWorker.runSuite(SuiteRunnerWorker.java:53)
at org.testng.SuiteRunnerWorker.run(SuiteRunnerWorker.java:96)
at org.testng.TestNG.runSuitesSequentially(TestNG.java:1187)
at org.testng.TestNG.runSuitesLocally(TestNG.java:1109)
at org.testng.TestNG.runSuites(TestNG.java:1039)
at org.testng.TestNG.run(TestNG.java:1007)
at com.intellij.rt.testng.IDEARemoteTestNG.run(IDEARemoteTestNG.java:66)
at com.intellij.rt.testng.RemoteTestNGStarter.main(RemoteTestNGStarter.java:109)
]]>
            </full-stacktrace>
          </exception> <!-- org.openqa.selenium.NoSuchElementException -->
          <reporter-output>
          </reporter-output>
        </test-method> <!-- NewCreateProject -->
        <test-method status="PASS" signature="SearchProjectTitle()[pri:2, instance:Projects.CreateProjects@2a5ca609]" name="SearchProjectTitle" duration-ms="14424" started-at="2022-02-13T12:22:49 IST" finished-at="2022-02-13T12:23:03 IST">
          <reporter-output>
          </reporter-output>
        </test-method> <!-- SearchProjectTitle -->
        <test-method status="FAIL" signature="project_label()[pri:3, instance:Projects.CreateProjects@2a5ca609]" name="project_label" duration-ms="20402" started-at="2022-02-13T12:23:03 IST" finished-at="2022-02-13T12:23:24 IST">
          <exception class="org.openqa.selenium.TimeoutException">
            <message>
              <![CDATA[Expected condition failed: waiting for visibility of element located by By.xpath: //*[@id="elk"]/div[1]/main/div/div/div/div/div[1]/div[2]/div/div/div[2]/div[2]/div/div[1]/div[1]/div/div[2]/div[1]/div[1] (tried for 20 second(s) with 500 milliseconds interval)]]>
            </message>
            <full-stacktrace>
              <![CDATA[org.openqa.selenium.TimeoutException: Expected condition failed: waiting for visibility of element located by By.xpath: //*[@id="elk"]/div[1]/main/div/div/div/div/div[1]/div[2]/div/div/div[2]/div[2]/div/div[1]/div[1]/div/div[2]/div[1]/div[1] (tried for 20 second(s) with 500 milliseconds interval)
at org.openqa.selenium.support.ui.WebDriverWait.timeoutException(WebDriverWait.java:95)
at org.openqa.selenium.support.ui.FluentWait.until(FluentWait.java:272)
at Projects.CreateProjects.project_label(CreateProjects.java:49)
at sun.reflect.NativeMethodAccessorImpl.invoke0(Native Method)
at sun.reflect.NativeMethodAccessorImpl.invoke(NativeMethodAccessorImpl.java:62)
at sun.reflect.DelegatingMethodAccessorImpl.invoke(DelegatingMethodAccessorImpl.java:43)
at java.lang.reflect.Method.invoke(Method.java:498)
at org.testng.internal.MethodInvocationHelper.invokeMethod(MethodInvocationHelper.java:134)
at org.testng.internal.TestInvoker.invokeMethod(TestInvoker.java:597)
at org.testng.internal.TestInvoker.invokeTestMethod(TestInvoker.java:173)
at org.testng.internal.MethodRunner.runInSequence(MethodRunner.java:46)
at org.testng.internal.TestInvoker$MethodInvocationAgent.invoke(TestInvoker.java:816)
at org.testng.internal.TestInvoker.invokeTestMethods(TestInvoker.java:146)
at org.testng.internal.TestMethodWorker.invokeTestMethods(TestMethodWorker.java:146)
at org.testng.internal.TestMethodWorker.run(TestMethodWorker.java:128)
at java.util.ArrayList.forEach(ArrayList.java:1259)
at org.testng.TestRunner.privateRun(TestRunner.java:766)
at org.testng.TestRunner.run(TestRunner.java:587)
at org.testng.SuiteRunner.runTest(SuiteRunner.java:384)
at org.testng.SuiteRunner.runSequentially(SuiteRunner.java:378)
at org.testng.SuiteRunner.privateRun(SuiteRunner.java:337)
at org.testng.SuiteRunner.run(SuiteRunner.java:286)
at org.testng.SuiteRunnerWorker.runSuite(SuiteRunnerWorker.java:53)
at org.testng.SuiteRunnerWorker.run(SuiteRunnerWorker.java:96)
at org.testng.TestNG.runSuitesSequentially(TestNG.java:1187)
at org.testng.TestNG.runSuitesLocally(TestNG.java:1109)
at org.testng.TestNG.runSuites(TestNG.java:1039)
at org.testng.TestNG.run(TestNG.java:1007)
at com.intellij.rt.testng.IDEARemoteTestNG.run(IDEARemoteTestNG.java:66)
at com.intellij.rt.testng.RemoteTestNGStarter.main(RemoteTestNGStarter.java:109)
Caused by: org.openqa.selenium.NoSuchElementException: no such element: Unable to locate element: {"method":"xpath","selector":"//*[@id="elk"]/div[1]/main/div/div/div/div/div[1]/div[2]/div/div/div[2]/div[2]/div/div[1]/div[1]/div/div[2]/div[1]/div[1]"}
  (Session info: chrome=98.0.4758.82)
For documentation on this error, please visit: https://www.seleniumhq.org/exceptions/no_such_element.html
Build info: version: '3.141.59', revision: 'e82be7d358', time: '2018-11-14T08:17:03'
System info: host: 'LAPTOP-TKGHDD60', ip: '192.168.1.4', os.name: 'Windows 10', os.arch: 'amd64', os.version: '10.0', java.version: '1.8.0_301'
Driver info: org.openqa.selenium.chrome.ChromeDriver
Capabilities {acceptInsecureCerts: false, browserName: chrome, browserVersion: 98.0.4758.82, chrome: {chromedriverVersion: 98.0.4758.80 (7f0488e8ba0d8..., userDataDir: C:\Users\vamse\AppData\Loca...}, goog:chromeOptions: {debuggerAddress: localhost:61422}, javascriptEnabled: true, networkConnectionEnabled: false, pageLoadStrategy: normal, platform: WINDOWS, platformName: WINDOWS, proxy: Proxy(), setWindowRect: true, strictFileInteractability: false, timeouts: {implicit: 0, pageLoad: 300000, script: 30000}, unhandledPromptBehavior: dismiss and notify, webauthn:extension:credBlob: true, webauthn:extension:largeBlob: true, webauthn:virtualAuthenticators: true}
Session ID: 612bc637740572d508c07faefc63f411
*** Element info: {Using=xpath, value=//*[@id="elk"]/div[1]/main/div/div/div/div/div[1]/div[2]/div/div/div[2]/div[2]/div/div[1]/div[1]/div/div[2]/div[1]/div[1]}
at sun.reflect.GeneratedConstructorAccessor14.newInstance(Unknown Source)
at sun.reflect.DelegatingConstructorAccessorImpl.newInstance(DelegatingConstructorAccessorImpl.java:45)
at java.lang.reflect.Constructor.newInstance(Constructor.java:423)
at org.openqa.selenium.remote.http.W3CHttpResponseCodec.createException(W3CHttpResponseCodec.java:187)
at org.openqa.selenium.remote.http.W3CHttpResponseCodec.decode(W3CHttpResponseCodec.java:122)
at org.openqa.selenium.remote.http.W3CHttpResponseCodec.decode(W3CHttpResponseCodec.java:49)
at org.openqa.selenium.remote.HttpCommandExecutor.execute(HttpCommandExecutor.java:158)
at org.openqa.selenium.remote.service.DriverCommandExecutor.execute(DriverCommandExecutor.java:83)
at org.openqa.selenium.remote.RemoteWebDriver.execute(RemoteWebDriver.java:552)
at org.openqa.selenium.remote.RemoteWebDriver.findElement(RemoteWebDriver.java:323)
at org.openqa.selenium.remote.RemoteWebDriver.findElementByXPath(RemoteWebDriver.java:428)
at org.openqa.selenium.By$ByXPath.findElement(By.java:353)
at org.openqa.selenium.remote.RemoteWebDriver.findElement(RemoteWebDriver.java:315)
at org.openqa.selenium.support.ui.ExpectedConditions$7.apply(ExpectedConditions.java:205)
at org.openqa.selenium.support.ui.ExpectedConditions$7.apply(ExpectedConditions.java:201)
at org.openqa.selenium.support.ui.FluentWait.until(FluentWait.java:249)
... 28 more
]]>
            </full-stacktrace>
          </exception> <!-- org.openqa.selenium.TimeoutException -->
          <reporter-output>
          </reporter-output>
        </test-method> <!-- project_label -->
        <test-method status="FAIL" signature="project_accesspolicy()[pri:4, instance:Projects.CreateProjects@2a5ca609]" name="project_accesspolicy" duration-ms="25" started-at="2022-02-13T12:23:24 IST" finished-at="2022-02-13T12:23:24 IST">
          <exception class="org.openqa.selenium.NoSuchElementException">
            <message>
              <![CDATA[no such element: Unable to locate element: {"method":"xpath","selector":"//*[@id="elk"]/div[1]/main/div/div/div/div/div[1]/div[2]/div/div/div[2]/div[2]/div/div[1]/div[1]/div/div[2]/div[1]/div[2]/span/span"}
  (Session info: chrome=98.0.4758.82)
For documentation on this error, please visit: https://www.seleniumhq.org/exceptions/no_such_element.html
Build info: version: '3.141.59', revision: 'e82be7d358', time: '2018-11-14T08:17:03'
System info: host: 'LAPTOP-TKGHDD60', ip: '192.168.1.4', os.name: 'Windows 10', os.arch: 'amd64', os.version: '10.0', java.version: '1.8.0_301'
Driver info: org.openqa.selenium.chrome.ChromeDriver
Capabilities {acceptInsecureCerts: false, browserName: chrome, browserVersion: 98.0.4758.82, chrome: {chromedriverVersion: 98.0.4758.80 (7f0488e8ba0d8..., userDataDir: C:\Users\vamse\AppData\Loca...}, goog:chromeOptions: {debuggerAddress: localhost:61422}, javascriptEnabled: true, networkConnectionEnabled: false, pageLoadStrategy: normal, platform: WINDOWS, platformName: WINDOWS, proxy: Proxy(), setWindowRect: true, strictFileInteractability: false, timeouts: {implicit: 0, pageLoad: 300000, script: 30000}, unhandledPromptBehavior: dismiss and notify, webauthn:extension:credBlob: true, webauthn:extension:largeBlob: true, webauthn:virtualAuthenticators: true}
Session ID: 612bc637740572d508c07faefc63f411
*** Element info: {Using=xpath, value=//*[@id="elk"]/div[1]/main/div/div/div/div/div[1]/div[2]/div/div/div[2]/div[2]/div/div[1]/div[1]/div/div[2]/div[1]/div[2]/span/span}]]>
            </message>
            <full-stacktrace>
              <![CDATA[org.openqa.selenium.NoSuchElementException: no such element: Unable to locate element: {"method":"xpath","selector":"//*[@id="elk"]/div[1]/main/div/div/div/div/div[1]/div[2]/div/div/div[2]/div[2]/div/div[1]/div[1]/div/div[2]/div[1]/div[2]/span/span"}
  (Session info: chrome=98.0.4758.82)
For documentation on this error, please visit: https://www.seleniumhq.org/exceptions/no_such_element.html
Build info: version: '3.141.59', revision: 'e82be7d358', time: '2018-11-14T08:17:03'
System info: host: 'LAPTOP-TKGHDD60', ip: '192.168.1.4', os.name: 'Windows 10', os.arch: 'amd64', os.version: '10.0', java.version: '1.8.0_301'
Driver info: org.openqa.selenium.chrome.ChromeDriver
Capabilities {acceptInsecureCerts: false, browserName: chrome, browserVersion: 98.0.4758.82, chrome: {chromedriverVersion: 98.0.4758.80 (7f0488e8ba0d8..., userDataDir: C:\Users\vamse\AppData\Loca...}, goog:chromeOptions: {debuggerAddress: localhost:61422}, javascriptEnabled: true, networkConnectionEnabled: false, pageLoadStrategy: normal, platform: WINDOWS, platformName: WINDOWS, proxy: Proxy(), setWindowRect: true, strictFileInteractability: false, timeouts: {implicit: 0, pageLoad: 300000, script: 30000}, unhandledPromptBehavior: dismiss and notify, webauthn:extension:credBlob: true, webauthn:extension:largeBlob: true, webauthn:virtualAuthenticators: true}
Session ID: 612bc637740572d508c07faefc63f411
*** Element info: {Using=xpath, value=//*[@id="elk"]/div[1]/main/div/div/div/div/div[1]/div[2]/div/div/div[2]/div[2]/div/div[1]/div[1]/div/div[2]/div[1]/div[2]/span/span}
at sun.reflect.GeneratedConstructorAccessor14.newInstance(Unknown Source)
at sun.reflect.DelegatingConstructorAccessorImpl.newInstance(DelegatingConstructorAccessorImpl.java:45)
at java.lang.reflect.Constructor.newInstance(Constructor.java:423)
at org.openqa.selenium.remote.http.W3CHttpResponseCodec.createException(W3CHttpResponseCodec.java:187)
at org.openqa.selenium.remote.http.W3CHttpResponseCodec.decode(W3CHttpResponseCodec.java:122)
at org.openqa.selenium.remote.http.W3CHttpResponseCodec.decode(W3CHttpResponseCodec.java:49)
at org.openqa.selenium.remote.HttpCommandExecutor.execute(HttpCommandExecutor.java:158)
at org.openqa.selenium.remote.service.DriverCommandExecutor.execute(DriverCommandExecutor.java:83)
at org.openqa.selenium.remote.RemoteWebDriver.execute(RemoteWebDriver.java:552)
at org.openqa.selenium.remote.RemoteWebDriver.findElement(RemoteWebDriver.java:323)
at org.openqa.selenium.remote.RemoteWebDriver.findElementByXPath(RemoteWebDriver.java:428)
at org.openqa.selenium.By$ByXPath.findElement(By.java:353)
at org.openqa.selenium.remote.RemoteWebDriver.findElement(RemoteWebDriver.java:315)
at Projects.CreateProjects.project_accesspolicy(CreateProjects.java:57)
at sun.reflect.NativeMethodAccessorImpl.invoke0(Native Method)
at sun.reflect.NativeMethodAccessorImpl.invoke(NativeMethodAccessorImpl.java:62)
at sun.reflect.DelegatingMethodAccessorImpl.invoke(DelegatingMethodAccessorImpl.java:43)
at java.lang.reflect.Method.invoke(Method.java:498)
at org.testng.internal.MethodInvocationHelper.invokeMethod(MethodInvocationHelper.java:134)
at org.testng.internal.TestInvoker.invokeMethod(TestInvoker.java:597)
at org.testng.internal.TestInvoker.invokeTestMethod(TestInvoker.java:173)
at org.testng.internal.MethodRunner.runInSequence(MethodRunner.java:46)
at org.testng.internal.TestInvoker$MethodInvocationAgent.invoke(TestInvoker.java:816)
at org.testng.internal.TestInvoker.invokeTestMethods(TestInvoker.java:146)
at org.testng.internal.TestMethodWorker.invokeTestMethods(TestMethodWorker.java:146)
at org.testng.internal.TestMethodWorker.run(TestMethodWorker.java:128)
at java.util.ArrayList.forEach(ArrayList.java:1259)
at org.testng.TestRunner.privateRun(TestRunner.java:766)
at org.testng.TestRunner.run(TestRunner.java:587)
at org.testng.SuiteRunner.runTest(SuiteRunner.java:384)
at org.testng.SuiteRunner.runSequentially(SuiteRunner.java:378)
at org.testng.SuiteRunner.privateRun(SuiteRunner.java:337)
at org.testng.SuiteRunner.run(SuiteRunner.java:286)
at org.testng.SuiteRunnerWorker.runSuite(SuiteRunnerWorker.java:53)
at org.testng.SuiteRunnerWorker.run(SuiteRunnerWorker.java:96)
at org.testng.TestNG.runSuitesSequentially(TestNG.java:1187)
at org.testng.TestNG.runSuitesLocally(TestNG.java:1109)
at org.testng.TestNG.runSuites(TestNG.java:1039)
at org.testng.TestNG.run(TestNG.java:1007)
at com.intellij.rt.testng.IDEARemoteTestNG.run(IDEARemoteTestNG.java:66)
at com.intellij.rt.testng.RemoteTestNGStarter.main(RemoteTestNGStarter.java:109)
]]>
            </full-stacktrace>
          </exception> <!-- org.openqa.selenium.NoSuchElementException -->
          <reporter-output>
          </reporter-output>
        </test-method> <!-- project_accesspolicy -->
        <test-method status="PASS" signature="QuitWindows()[pri:0, instance:Projects.CreateProjects@2a5ca609]" name="QuitWindows" is-config="true" duration-ms="719" started-at="2022-02-13T12:23:24 IST" finished-at="2022-02-13T12:23:24 IST">
          <reporter-output>
          </reporter-output>
        </test-method> <!-- QuitWindows -->
      </class> <!-- Projects.CreateProjects -->
      <class name="Login.LoginInvalid">
        <test-method status="PASS" signature="LaunchArtemisURL()[pri:0, instance:Login.LoginInvalid@2a2d45ba]" name="LaunchArtemisURL" is-config="true" duration-ms="5059" started-at="2022-02-13T12:21:53 IST" finished-at="2022-02-13T12:21:58 IST">
          <reporter-output>
          </reporter-output>
        </test-method> <!-- LaunchArtemisURL -->
        <test-method status="PASS" signature="EnterWrongemailid()[pri:0, instance:Login.LoginInvalid@2a2d45ba]" name="EnterWrongemailid" duration-ms="5291" started-at="2022-02-13T12:21:58 IST" finished-at="2022-02-13T12:22:03 IST">
          <reporter-output>
          </reporter-output>
        </test-method> <!-- EnterWrongemailid -->
        <test-method status="PASS" signature="wrongpassword()[pri:0, instance:Login.LoginInvalid@2a2d45ba]" name="wrongpassword" duration-ms="9388" started-at="2022-02-13T12:22:03 IST" finished-at="2022-02-13T12:22:13 IST">
          <reporter-output>
          </reporter-output>
        </test-method> <!-- wrongpassword -->
        <test-method status="PASS" signature="QuitWindows()[pri:0, instance:Login.LoginInvalid@2a2d45ba]" name="QuitWindows" is-config="true" duration-ms="659" started-at="2022-02-13T12:22:13 IST" finished-at="2022-02-13T12:22:13 IST">
          <reporter-output>
          </reporter-output>
        </test-method> <!-- QuitWindows -->
      </class> <!-- Login.LoginInvalid -->
      <class name="Login.Login_Test">
        <test-method status="PASS" signature="LaunchArtemisURL()[pri:0, instance:Login.Login_Test@7c16905e]" name="LaunchArtemisURL" is-config="true" duration-ms="7477" started-at="2022-02-13T12:21:38 IST" finished-at="2022-02-13T12:21:46 IST">
          <reporter-output>
          </reporter-output>
        </test-method> <!-- LaunchArtemisURL -->
        <test-method status="PASS" signature="Login_HomePage()[pri:1, instance:Login.Login_Test@7c16905e]" name="Login_HomePage" duration-ms="8" started-at="2022-02-13T12:21:46 IST" description="Check the Login page title" finished-at="2022-02-13T12:21:46 IST">
          <reporter-output>
          </reporter-output>
        </test-method> <!-- Login_HomePage -->
        <test-method status="PASS" signature="LogintoApp()[pri:2, instance:Login.Login_Test@7c16905e]" name="LogintoApp" duration-ms="6491" started-at="2022-02-13T12:21:46 IST" description="Verify Login to application with valid details" finished-at="2022-02-13T12:21:52 IST">
          <reporter-output>
          </reporter-output>
        </test-method> <!-- LogintoApp -->
        <test-method status="PASS" signature="Loginsuccesful()[pri:3, instance:Login.Login_Test@7c16905e]" name="Loginsuccesful" duration-ms="4" started-at="2022-02-13T12:21:52 IST" finished-at="2022-02-13T12:21:52 IST">
          <reporter-output>
          </reporter-output>
        </test-method> <!-- Loginsuccesful -->
        <test-method status="PASS" signature="QuitWindows()[pri:0, instance:Login.Login_Test@7c16905e]" name="QuitWindows" is-config="true" duration-ms="669" started-at="2022-02-13T12:21:52 IST" finished-at="2022-02-13T12:21:53 IST">
          <reporter-output>
          </reporter-output>
        </test-method> <!-- QuitWindows -->
      </class> <!-- Login.Login_Test -->
    </test> <!-- Regression suite 1 -->
  </suite> <!-- example suite 1 -->
</testng-results>
